0	{"altitude":23486,"callsign":"KLM3YQ","gs":409,"headingMagnetic":45,"headingTrue":50,"latitude":59.172430000000006,"longitude":15.618239999999998,"squawk":"2000","transponderC":true,"transponderI":false,"type":"radarTargetPositionUpdate","verticalSpeed":-4568}
440	{"altitude":34397,"callsign":"IBE112","gs":433,"headingMagnetic":236,"headingTrue":241,"latitude":59.30512,"longitude":21.08793,"squawk":"2000","transponderC":true,"transponderI":false,"type":"radarTargetPositionUpdate","verticalSpeed":0}
1215	{"altitude":110,"callsign":"SAS4224","gs":0,"headingMagnetic":65,"headingTrue":70,"latitude":59.65258,"longitude":17.927850000000003,"squawk":"4737","transponderC":false,"transponderI":false,"type":"radarTargetPositionUpdate","verticalSpeed":-8}
2382	{"altitude":34640,"callsign":"SAS1021","gs":457,"headingMagnetic":193,"headingTrue":198,"latitude":61.00658,"longitude":18.85672,"squawk":"2000","transponderC":true,"transponderI":false,"type":"radarTargetPositionUpdate","verticalSpeed":-4728}
3234	{"callsign":"PHVKA","type":"controllerAssignedDataUpdate"}
3236	{"callsign":"PHVKA","type":"controllerAssignedDataUpdate"}
3408	{"callsign":"ESSA_A_ATIS","controller":true,"facility":4,"frequency":119.005,"me":false,"name":"Philip Bondza Olsson","position":"ATSA","rating":3,"sector":"vATIS Connection ESSA","type":"controllerPositionUpdate"}
3524	{"altitude":109,"callsign":"SAS563","gs":12,"headingMagnetic":62,"headingTrue":67,"latitude":59.65612,"longitude":17.932409999999997,"squawk":"5251","transponderC":false,"transponderI":false,"type":"radarTargetPositionUpdate","verticalSpeed":-12}
4019	{"altitude":33961,"callsign":"NSZ4050","gs":424,"headingMagnetic":12,"headingTrue":17,"latitude":61.238600000000005,"longitude":18.57511,"squawk":"6731","transponderC":true,"transponderI":false,"type":"radarTargetPositionUpdate","verticalSpeed":2752}
4444	{"callsign":"EKDK_UC_CTR","controller":true,"facility":6,"frequency":136.555,"me":false,"name":"Jesper Hvenegaard","position":"EKDK","rating":5,"sector":"VATSIM Scandinavia - Copenhagen FIR 2601/1-2 EKDK 20260123","type":"controllerPositionUpdate"}
4747	{"altitude":13275,"callsign":"SDR25","gs":247,"headingMagnetic":182,"headingTrue":187,"latitude":59.762780000000006,"longitude":18.00584,"squawk":"0622","transponderC":true,"transponderI":false,"type":"radarTargetPositionUpdate","verticalSpeed":-1152}
5121	{"altitude":23273,"callsign":"KLM3YQ","gs":410,"headingMagnetic":45,"headingTrue":50,"latitude":59.17841000000001,"longitude":15.632819999999999,"squawk":"2000","transponderC":true,"transponderI":false,"type":"radarTargetPositionUpdate","verticalSpeed":-4716}
5214	{"altitude":34398,"callsign":"IBE112","gs":430,"headingMagnetic":238,"headingTrue":243,"latitude":59.300219999999996,"longitude":21.071270000000002,"squawk":"2000","transponderC":true,"transponderI":false,"type":"radarTargetPositionUpdate","verticalSpeed":4}
6306	{"altitude":110,"callsign":"SAS4224","gs":0,"headingMagnetic":65,"headingTrue":70,"latitude":59.65258,"longitude":17.927850000000003,"squawk":"4737","transponderC":false,"transponderI":false,"type":"radarTargetPositionUpdate","verticalSpeed":-8}
7394	{"altitude":34420,"callsign":"SAS1021","gs":455,"headingMagnetic":193,"headingTrue":198,"latitude":60.996590000000005,"longitude":18.85019,"squawk":"2000","transponderC":true,"transponderI":false,"type":"radarTargetPositionUpdate","verticalSpeed":-4836}
8590	{"altitude":108,"callsign":"SAS563","gs":12,"headingMagnetic":47,"headingTrue":52,"latitude":59.65629,"longitude":17.93296,"squawk":"5251","transponderC":false,"transponderI":false,"type":"radarTargetPositionUpdate","verticalSpeed":-16}
8906	{"altitude":34060,"callsign":"NSZ4050","gs":423,"headingMagnetic":12,"headingTrue":17,"latitude":61.24767,"longitude":18.581,"squawk":"6731","transponderC":true,"transponderI":false,"type":"radarTargetPositionUpdate","verticalSpeed":2696}
9817	{"altitude":13228,"callsign":"SDR25","gs":246,"headingMagnetic":184,"headingTrue":189,"latitude":59.75719,"longitude":18.004070000000002,"squawk":"0622","transponderC":true,"transponderI":false,"type":"radarTargetPositionUpdate","verticalSpeed":-1164}
10168	{"altitude":23055,"callsign":"KLM3YQ","gs":410,"headingMagnetic":45,"headingTrue":50,"latitude":59.1844,"longitude":15.6474,"squawk":"2000","transponderC":true,"transponderI":false,"type":"radarTargetPositionUpdate","verticalSpeed":-4852}
10447	{"altitude":34399,"callsign":"IBE112","gs":433,"headingMagnetic":235,"headingTrue":240,"latitude":59.295110000000015,"longitude":21.053880000000003,"squawk":"2000","transponderC":true,"transponderI":false,"type":"radarTargetPositionUpdate","verticalSpeed":8}
11197	{"altitude":110,"callsign":"SAS4224","gs":0,"headingMagnetic":65,"headingTrue":70,"latitude":59.65258,"longitude":17.927850000000003,"squawk":"4737","transponderC":false,"transponderI":false,"type":"radarTargetPositionUpdate","verticalSpeed":-8}
12527	{"altitude":34151,"callsign":"SAS1021","gs":455,"headingMagnetic":193,"headingTrue":198,"latitude":60.98637,"longitude":18.8435,"squawk":"2000","transponderC":true,"transponderI":false,"type":"radarTargetPositionUpdate","verticalSpeed":-5044}
12920	{"callsign":"MI_OBS","controller":false,"facility":0,"frequency":199.998,"me":true,"name":"Martin Insulander","position":"XX","rating":5,"sector":"VATSIM Scandinavia - Sweden FIR 2601/1-1 ESAA 20260122","type":"controllerPositionUpdate"}
13487	{"altitude":109,"callsign":"SAS563","gs":13,"headingMagnetic":41,"headingTrue":46,"latitude":59.65652,"longitude":17.93349,"squawk":"5251","transponderC":false,"transponderI":false,"type":"radarTargetPositionUpdate","verticalSpeed":-12}
13980	{"altitude":34167,"callsign":"NSZ4050","gs":423,"headingMagnetic":12,"headingTrue":17,"latitude":61.25714,"longitude":18.58715,"squawk":"6731","transponderC":true,"transponderI":false,"type":"radarTargetPositionUpdate","verticalSpeed":2652}
14244	{"callsign":"ESSA_D_ATIS","controller":true,"facility":4,"frequency":121.63,"me":false,"name":"Philip Bondza Olsson","position":"ATSAD","rating":3,"sector":"vATIS Connection ESSA","type":"controllerPositionUpdate"}
14870	{"callsign":"ESSA_W_TWR","controller":true,"facility":4,"frequency":118.505,"me":false,"name":"Philip Bondza Olsson","position":"TW","rating":3,"sector":"VATSIM Scandinavia - Sweden FIR 2601/1-2 ESAA 20260202","type":"controllerPositionUpdate"}
14950	{"altitude":13188,"callsign":"SDR25","gs":244,"headingMagnetic":185,"headingTrue":190,"latitude":59.75167999999999,"longitude":18.001980000000003,"squawk":"0622","transponderC":true,"transponderI":false,"type":"radarTargetPositionUpdate","verticalSpeed":-1140}
15028	{"altitude":22860,"callsign":"KLM3YQ","gs":406,"headingMagnetic":45,"headingTrue":50,"latitude":59.19013000000001,"longitude":15.66138,"squawk":"2000","transponderC":true,"transponderI":false,"type":"radarTargetPositionUpdate","verticalSpeed":-4920}
15028	{"callsign":"SAS563","controller":"ESSA_W_TWR","groundstate":"DEPA","type":"controllerAssignedDataUpdate"}
15403	{"altitude":34400,"callsign":"IBE112","gs":434,"headingMagnetic":237,"headingTrue":242,"latitude":59.290000000000006,"longitude":21.03656,"squawk":"2000","transponderC":true,"transponderI":false,"type":"radarTargetPositionUpdate","verticalSpeed":12}
16256	{"altitude":112,"callsign":"SAS4224","gs":0,"headingMagnetic":65,"headingTrue":70,"latitude":59.65258,"longitude":17.927850000000003,"squawk":"4737","transponderC":false,"transponderI":false,"type":"radarTargetPositionUpdate","verticalSpeed":0}
17397	{"altitude":33889,"callsign":"SAS1021","gs":455,"headingMagnetic":193,"headingTrue":198,"latitude":60.97656,"longitude":18.837090000000003,"squawk":"2000","transponderC":true,"transponderI":false,"type":"radarTargetPositionUpdate","verticalSpeed":-5428}
18242	{"callsign":"PHVKA","type":"controllerAssignedDataUpdate"}
18243	{"callsign":"PHVKA","type":"controllerAssignedDataUpdate"}
18399	{"callsign":"ESSA_A_ATIS","controller":true,"facility":4,"frequency":119.005,"me":false,"name":"Philip Bondza Olsson","position":"ATSA","rating":3,"sector":"vATIS Connection ESSA","type":"controllerPositionUpdate"}
18532	{"altitude":109,"callsign":"SAS563","gs":13,"headingMagnetic":40,"headingTrue":45,"latitude":59.6568,"longitude":17.934050000000003,"squawk":"5251","transponderC":false,"transponderI":false,"type":"radarTargetPositionUpdate","verticalSpeed":-4}
19081	{"altitude":34274,"callsign":"NSZ4050","gs":423,"headingMagnetic":12,"headingTrue":17,"latitude":61.26661000000001,"longitude":18.59332,"squawk":"6731","transponderC":true,"transponderI":false,"type":"radarTargetPositionUpdate","verticalSpeed":2612}
19964	{"altitude":13133,"callsign":"SDR25","gs":242,"headingMagnetic":186,"headingTrue":191,"latitude":59.74625,"longitude":17.999709999999997,"squawk":"0622","transponderC":true,"transponderI":false,"type":"radarTargetPositionUpdate","verticalSpeed":-1160}
20125	{"altitude":22649,"callsign":"KLM3YQ","gs":408,"headingMagnetic":45,"headingTrue":50,"latitude":59.19605000000001,"longitude":15.67584,"squawk":"2000","transponderC":true,"transponderI":false,"type":"radarTargetPositionUpdate","verticalSpeed":-5024}
20345	{"altitude":34401,"callsign":"IBE112","gs":433,"headingMagnetic":237,"headingTrue":242,"latitude":59.28508,"longitude":21.019860000000005,"squawk":"2000","transponderC":true,"transponderI":false,"type":"radarTargetPositionUpdate","verticalSpeed":16}
21337	{"altitude":110,"callsign":"SAS4224","gs":0,"headingMagnetic":65,"headingTrue":70,"latitude":59.65258,"longitude":17.927850000000003,"squawk":"4737","transponderC":false,"transponderI":false,"type":"radarTargetPositionUpdate","verticalSpeed":-8}
22480	{"altitude":33624,"callsign":"SAS1021","gs":455,"headingMagnetic":193,"headingTrue":198,"latitude":60.96626,"longitude":18.830360000000002,"squawk":"2000","transponderC":true,"transponderI":false,"type":"radarTargetPositionUpdate","verticalSpeed":-5712}
23582	{"altitude":110,"callsign":"SAS563","gs":14,"headingMagnetic":41,"headingTrue":46,"latitude":59.6571,"longitude":17.93466,"squawk":"5251","transponderC":false,"transponderI":false,"type":"radarTargetPositionUpdate","verticalSpeed":4}
23948	{"altitude":34376,"callsign":"NSZ4050","gs":422,"headingMagnetic":12,"headingTrue":17,"latitude":61.27568,"longitude":18.59922,"squawk":"6731","transponderC":true,"transponderI":false,"type":"radarTargetPositionUpdate","verticalSpeed":2576}
24810	{"altitude":13087,"callsign":"SDR25","gs":240,"headingMagnetic":186,"headingTrue":191,"latitude":59.74107,"longitude":17.997419999999998,"squawk":"0622","transponderC":true,"transponderI":false,"type":"radarTargetPositionUpdate","verticalSpeed":-1164}
25100	{"altitude":22454,"callsign":"KLM3YQ","gs":404,"headingMagnetic":45,"headingTrue":50,"latitude":59.20176,"longitude":15.68978,"squawk":"2000","transponderC":true,"transponderI":false,"type":"radarTargetPositionUpdate","verticalSpeed":-4944}
25465	{"altitude":34398,"callsign":"IBE112","gs":436,"headingMagnetic":237,"headingTrue":242,"latitude":59.27996,"longitude":21.002499999999998,"squawk":"2000","transponderC":true,"transponderI":false,"type":"radarTargetPositionUpdate","verticalSpeed":4}
26264	{"altitude":112,"callsign":"SAS4224","gs":0,"headingMagnetic":65,"headingTrue":70,"latitude":59.65258,"longitude":17.927850000000003,"squawk":"4737","transponderC":false,"transponderI":false,"type":"radarTargetPositionUpdate","verticalSpeed":0}
27077	{"callsign":"SAS4224","controller":"ESSA_W_TWR","groundstate":"TAXI","type":"controllerAssignedDataUpdate"}
27323	{"callsign":"AUI86Q","type":"controllerAssignedDataUpdate"}
27324	{"callsign":"AUI86Q","type":"controllerAssignedDataUpdate"}
27561	{"altitude":33375,"callsign":"SAS1021","gs":455,"headingMagnetic":193,"headingTrue":198,"latitude":60.95605,"longitude":18.8237,"squawk":"2000","transponderC":true,"transponderI":false,"type":"radarTargetPositionUpdate","verticalSpeed":-5884}
28363	{"callsign":"AUI86Q","type":"controllerAssignedDataUpdate"}
28364	{"callsign":"AUI86Q","type":"controllerAssignedDataUpdate"}
28440	{"altitude":112,"callsign":"SAS563","gs":15,"headingMagnetic":41,"headingTrue":46,"latitude":59.65739,"longitude":17.93527,"squawk":"5251","transponderC":false,"transponderI":false,"type":"radarTargetPositionUpdate","verticalSpeed":12}
29279	{"callsign":"ESSA_D_ATIS","controller":true,"facility":4,"frequency":121.63,"me":false,"name":"Philip Bondza Olsson","position":"ATSAD","rating":3,"sector":"vATIS Connection ESSA","type":"controllerPositionUpdate"}
29411	{"callsign":"EKDK_UC_CTR","controller":true,"facility":6,"frequency":136.555,"me":false,"name":"Jesper Hvenegaard","position":"EKDK","rating":5,"sector":"VATSIM Scandinavia - Copenhagen FIR 2601/1-2 EKDK 20260123","type":"controllerPositionUpdate"}
29891	{"altitude":13040,"callsign":"SDR25","gs":238,"headingMagnetic":187,"headingTrue":192,"latitude":59.73575000000001,"longitude":17.995009999999997,"squawk":"0622","transponderC":true,"transponderI":false,"type":"radarTargetPositionUpdate","verticalSpeed":-1148}
30075	{"altitude":22249,"callsign":"KLM3YQ","gs":406,"headingMagnetic":45,"headingTrue":50,"latitude":59.207679999999996,"longitude":15.704249999999998,"squawk":"2000","transponderC":true,"transponderI":false,"type":"radarTargetPositionUpdate","verticalSpeed":-4948}
30563	{"altitude":34398,"callsign":"IBE112","gs":436,"headingMagnetic":235,"headingTrue":240,"latitude":59.27483,"longitude":20.985139999999994,"squawk":"2000","transponderC":true,"transponderI":false,"type":"radarTargetPositionUpdate","verticalSpeed":4}
31288	{"altitude":110,"callsign":"SAS4224","gs":0,"headingMagnetic":65,"headingTrue":70,"latitude":59.65258,"longitude":17.927850000000003,"squawk":"4737","transponderC":false,"transponderI":false,"type":"radarTargetPositionUpdate","verticalSpeed":0}
32370	{"altitude":33137,"callsign":"SAS1021","gs":455,"headingMagnetic":193,"headingTrue":198,"latitude":60.946239999999996,"longitude":18.817290000000003,"squawk":"2000","transponderC":true,"transponderI":false,"type":"radarTargetPositionUpdate","verticalSpeed":-6012}
33379	{"callsign":"PHVKA","type":"controllerAssignedDataUpdate"}
33380	{"callsign":"PHVKA","type":"controllerAssignedDataUpdate"}
33381	{"callsign":"ESSA_A_ATIS","controller":true,"facility":4,"frequency":119.005,"me":false,"name":"Philip Bondza Olsson","position":"ATSA","rating":3,"sector":"vATIS Connection ESSA","type":"controllerPositionUpdate"}
33519	{"altitude":114,"callsign":"SAS563","gs":17,"headingMagnetic":41,"headingTrue":46,"latitude":59.65771,"longitude":17.93592,"squawk":"5251","transponderC":false,"transponderI":false,"type":"radarTargetPositionUpdate","verticalSpeed":20}
35019	{"altitude":12980,"callsign":"SDR25","gs":237,"headingMagnetic":187,"headingTrue":192,"latitude":59.730500000000006,"longitude":17.992609999999996,"squawk":"0622","transponderC":true,"transponderI":false,"type":"radarTargetPositionUpdate","verticalSpeed":-1180}
35176	{"altitude":22045,"callsign":"KLM3YQ","gs":405,"headingMagnetic":45,"headingTrue":50,"latitude":59.21358,"longitude":15.718679999999999,"squawk":"2000","transponderC":true,"transponderI":false,"type":"radarTargetPositionUpdate","verticalSpeed":-4912}
35293	{"altitude":34398,"callsign":"IBE112","gs":436,"headingMagnetic":237,"headingTrue":242,"latitude":59.269890000000004,"longitude":20.968469999999996,"squawk":"2000","transponderC":true,"transponderI":false,"type":"radarTargetPositionUpdate","verticalSpeed":0}
36366	{"altitude":112,"callsign":"SAS4224","gs":0,"headingMagnetic":65,"headingTrue":70,"latitude":59.65258,"longitude":17.927850000000003,"squawk":"4737","transponderC":false,"transponderI":false,"type":"radarTargetPositionUpdate","verticalSpeed":8}
37482	{"altitude":32900,"callsign":"SAS1021","gs":457,"headingMagnetic":193,"headingTrue":198,"latitude":60.93601,"longitude":18.81062,"squawk":"2000","transponderC":true,"transponderI":false,"type":"radarTargetPositionUpdate","verticalSpeed":-6080}
38071	{"callsign":"MI_OBS","controller":false,"facility":0,"frequency":199.998,"me":true,"name":"Martin Insulander","position":"XX","rating":5,"sector":"VATSIM Scandinavia - Sweden FIR 2601/1-1 ESAA 20260122","type":"controllerPositionUpdate"}
38602	{"altitude":114,"callsign":"SAS563","gs":18,"headingMagnetic":41,"headingTrue":46,"latitude":59.65804,"longitude":17.93659,"squawk":"5251","transponderC":false,"transponderI":false,"type":"radarTargetPositionUpdate","verticalSpeed":24}
39828	{"callsign":"ESSA_W_TWR","controller":true,"facility":4,"frequency":118.505,"me":false,"name":"Philip Bondza Olsson","position":"TW","rating":3,"sector":"VATSIM Scandinavia - Sweden FIR 2601/1-2 ESAA 20260202","type":"controllerPositionUpdate"}
39903	{"altitude":12949,"callsign":"SDR25","gs":233,"headingMagnetic":186,"headingTrue":191,"latitude":59.725510000000014,"longitude":17.990329999999997,"squawk":"0622","transponderC":true,"transponderI":false,"type":"radarTargetPositionUpdate","verticalSpeed":-1116}
40104	{"altitude":21850,"callsign":"KLM3YQ","gs":401,"headingMagnetic":45,"headingTrue":50,"latitude":59.21923,"longitude":15.73251,"squawk":"2000","transponderC":true,"transponderI":false,"type":"radarTargetPositionUpdate","verticalSpeed":-4820}
40454	{"altitude":34400,"callsign":"IBE112","gs":436,"headingMagnetic":236,"headingTrue":241,"latitude":59.264770000000006,"longitude":20.95119,"squawk":"2000","transponderC":true,"transponderI":false,"type":"radarTargetPositionUpdate","verticalSpeed":4}
41282	{"altitude":110,"callsign":"SAS4224","gs":0,"headingMagnetic":65,"headingTrue":70,"latitude":59.65258,"longitude":17.927880000000002,"squawk":"4737","transponderC":false,"transponderI":false,"type":"radarTargetPositionUpdate","verticalSpeed":0}
42551	{"altitude":32660,"callsign":"SAS1021","gs":458,"headingMagnetic":193,"headingTrue":198,"latitude":60.92573000000001,"longitude":18.80393,"squawk":"2000","transponderC":true,"transponderI":false,"type":"radarTargetPositionUpdate","verticalSpeed":-5964}
43688	{"altitude":114,"callsign":"SAS563","gs":19,"headingMagnetic":42,"headingTrue":47,"latitude":59.65838,"longitude":17.9373,"squawk":"5251","transponderC":false,"transponderI":false,"type":"radarTargetPositionUpdate","verticalSpeed":20}
44283	{"callsign":"ESSA_D_ATIS","controller":true,"facility":4,"frequency":121.63,"me":false,"name":"Philip Bondza Olsson","position":"ATSAD","rating":3,"sector":"vATIS Connection ESSA","type":"controllerPositionUpdate"}
44942	{"altitude":12901,"callsign":"SDR25","gs":231,"headingMagnetic":186,"headingTrue":191,"latitude":59.72035000000001,"longitude":17.987999999999996,"squawk":"0622","transponderC":true,"transponderI":false,"type":"radarTargetPositionUpdate","verticalSpeed":-1148}
45213	{"altitude":21658,"callsign":"KLM3YQ","gs":403,"headingMagnetic":45,"headingTrue":50,"latitude":59.22509000000001,"longitude":15.746879999999999,"squawk":"2000","transponderC":true,"transponderI":false,"type":"radarTargetPositionUpdate","verticalSpeed":-4808}
45605	{"altitude":34400,"callsign":"IBE112","gs":436,"headingMagnetic":237,"headingTrue":242,"latitude":59.25963,"longitude":20.933850000000003,"squawk":"2000","transponderC":true,"transponderI":false,"type":"radarTargetPositionUpdate","verticalSpeed":0}
46363	{"altitude":112,"callsign":"SAS4224","gs":0,"headingMagnetic":35,"headingTrue":40,"latitude":59.65263,"longitude":17.927960000000002,"squawk":"4737","transponderC":false,"transponderI":false,"type":"radarTargetPositionUpdate","verticalSpeed":0}
47405	{"altitude":32433,"callsign":"SAS1021","gs":457,"headingMagnetic":193,"headingTrue":198,"latitude":60.91598,"longitude":18.79758,"squawk":"2000","transponderC":true,"transponderI":false,"type":"radarTargetPositionUpdate","verticalSpeed":-5824}
48355	{"callsign":"ESSA_A_ATIS","controller":true,"facility":4,"frequency":119.005,"me":false,"name":"Philip Bondza Olsson","position":"ATSA","rating":3,"sector":"vATIS Connection ESSA","type":"controllerPositionUpdate"}
48596	{"altitude":118,"callsign":"SAS563","gs":19,"headingMagnetic":63,"headingTrue":68,"latitude":59.65865,"longitude":17.938119999999998,"squawk":"5251","transponderC":false,"transponderI":false,"type":"radarTargetPositionUpdate","verticalSpeed":36}
49850	{"altitude":12841,"callsign":"SDR25","gs":227,"headingMagnetic":186,"headingTrue":191,"latitude":59.71547,"longitude":17.985839999999996,"squawk":"0622","transponderC":true,"transponderI":false,"type":"radarTargetPositionUpdate","verticalSpeed":-1168}
50252	{"altitude":21460,"callsign":"KLM3YQ","gs":402,"headingMagnetic":46,"headingTrue":51,"latitude":59.23093000000001,"longitude":15.76118,"squawk":"2000","transponderC":true,"transponderI":false,"type":"radarTargetPositionUpdate","verticalSpeed":-4756}
50414	{"altitude":34401,"callsign":"IBE112","gs":436,"headingMagnetic":235,"headingTrue":240,"latitude":59.25469,"longitude":20.9172,"squawk":"2000","transponderC":true,"transponderI":false,"type":"radarTargetPositionUpdate","verticalSpeed":0}
51485	{"altitude":112,"callsign":"SAS4224","gs":1,"headingMagnetic":349,"headingTrue":354,"latitude":59.652750000000005,"longitude":17.927960000000002,"squawk":"4737","transponderC":false,"transponderI":false,"type":"radarTargetPositionUpdate","verticalSpeed":8}
52095	{"callsign":"SAS1631","groundstate":"ARR","type":"controllerAssignedDataUpdate"}
52551	{"altitude":32181,"callsign":"SAS1021","gs":457,"headingMagnetic":193,"headingTrue":198,"latitude":60.905750000000005,"longitude":18.79092,"squawk":"2000","transponderC":true,"transponderI":false,"type":"radarTargetPositionUpdate","verticalSpeed":-5772}
